<?xml version="1.0" encoding="UTF-8"?>
<!-- Generated by org.testng.reporters.JUnitXMLReporter -->
<testsuite hostname="INL49-00BAAAAGG" ignored="0" name="Login testcase " tests="4" failures="0" timestamp="28 Nov 2021 19:12:35 GMT" time="25.732" errors="0">
  <testcase name="Login_TC_0001" time="6.68" classname="org.cynergy.automation.testcase.Login_Testcase"/>
  <testcase name="Login_TC_0002" time="2.113" classname="org.cynergy.automation.testcase.Login_Testcase"/>
  <testcase name="Login_TC_0003" time="0.867" classname="org.cynergy.automation.testcase.Login_Testcase"/>
  <testcase name="Login_TC_0004" time="4.592" classname="org.cynergy.automation.testcase.Login_Testcase"/>
</testsuite> <!-- Login testcase  -->
