<?xml version="1.0" encoding="UTF-8"?>
<!-- Generated by org.testng.reporters.JUnitXMLReporter -->
<testsuite hostname="INL49-00BAAAAGG" ignored="0" name="TestCaase" tests="2" failures="0" timestamp="26 Nov 2021 10:43:35 GMT" time="8.161" errors="0">
  <testcase name="runfirsttestcase" time="4.999" classname="org.cynergy.automation.testcase.Testclassfile"/>
  <testcase name="runSecondTestcase" time="0.386" classname="org.cynergy.automation.testcase.Testclassfile"/>
</testsuite> <!-- TestCaase -->
