<?xml version="1.0" encoding="UTF-8"?>
<testng-results ignored="0" total="1" passed="1" failed="0" skipped="0">
  <reporter-output>
  </reporter-output>
  <suite started-at="2021-12-07T20:10:16 IST" name="Suite" finished-at="2021-12-07T20:10:16 IST" duration-ms="87">
    <groups>
    </groups>
    <test started-at="2021-12-07T20:10:16 IST" name="Test" finished-at="2021-12-07T20:10:16 IST" duration-ms="87">
      <class name="automation.APITest">
        <test-method signature="APIMethod()[pri:0, instance:automation.APITest@67f639d3]" started-at="2021-12-07T20:10:16 IST" name="APIMethod" finished-at="2021-12-07T20:10:16 IST" duration-ms="8" status="PASS">
          <reporter-output>
          </reporter-output>
        </test-method> <!-- APIMethod -->
      </class> <!-- automation.APITest -->
    </test> <!-- Test -->
  </suite> <!-- Suite -->
</testng-results>
