<?xml version="1.0" encoding="UTF-8"?>
<testng-results ignored="0" total="1" passed="1" failed="0" skipped="0">
  <reporter-output>
  </reporter-output>
  <suite started-at="2021-12-07T16:45:01 IST" name="Default suite" finished-at="2021-12-07T16:45:01 IST" duration-ms="103">
    <groups>
    </groups>
    <test started-at="2021-12-07T16:45:01 IST" name="Default test" finished-at="2021-12-07T16:45:01 IST" duration-ms="103">
      <class name="automation.APITest">
        <test-method signature="APIMethod()[pri:0, instance:automation.APITest@5149d738]" started-at="2021-12-07T16:45:01 IST" name="APIMethod" finished-at="2021-12-07T16:45:01 IST" duration-ms="17" status="PASS">
          <reporter-output>
          </reporter-output>
        </test-method> <!-- APIMethod -->
      </class> <!-- automation.APITest -->
    </test> <!-- Default test -->
  </suite> <!-- Default suite -->
</testng-results>
